  main.cpp
C:\Users\vevas\OneDrive - South East Technological University\SEMESTER 2\Motion Graphics\MotionGraphics\LevelEditor\LevelEditor\main.cpp(138,46): warning C4305: 'initializing': truncation from 'double' to 'float'
C:\Users\vevas\OneDrive - South East Technological University\SEMESTER 2\Motion Graphics\MotionGraphics\LevelEditor\LevelEditor\main.cpp(219,48): warning C4244: 'argument': conversion from 'int' to 'float', possible loss of data
C:\Users\vevas\OneDrive - South East Technological University\SEMESTER 2\Motion Graphics\MotionGraphics\LevelEditor\LevelEditor\main.cpp(219,38): warning C4244: 'argument': conversion from 'int' to 'float', possible loss of data
C:\Users\vevas\OneDrive - South East Technological University\SEMESTER 2\Motion Graphics\MotionGraphics\LevelEditor\LevelEditor\main.cpp(234,1): warning C4305: 'argument': truncation from 'double' to 'float'
C:\Users\vevas\OneDrive - South East Technological University\SEMESTER 2\Motion Graphics\MotionGraphics\LevelEditor\LevelEditor\main.cpp(236,1): warning C4305: 'argument': truncation from 'double' to 'float'
C:\Users\vevas\OneDrive - South East Technological University\SEMESTER 2\Motion Graphics\MotionGraphics\LevelEditor\LevelEditor\main.cpp(251,1): warning C4305: '=': truncation from 'double' to 'float'
C:\Users\vevas\OneDrive - South East Technological University\SEMESTER 2\Motion Graphics\MotionGraphics\LevelEditor\LevelEditor\main.cpp(388,39): warning C4244: 'argument': conversion from 'int' to 'float', possible loss of data
C:\Users\vevas\OneDrive - South East Technological University\SEMESTER 2\Motion Graphics\MotionGraphics\LevelEditor\LevelEditor\main.cpp(439,48): warning C4244: 'argument': conversion from 'int' to 'float', possible loss of data
C:\Users\vevas\OneDrive - South East Technological University\SEMESTER 2\Motion Graphics\MotionGraphics\LevelEditor\LevelEditor\main.cpp(439,38): warning C4244: 'argument': conversion from 'int' to 'float', possible loss of data
C:\Users\vevas\OneDrive - South East Technological University\SEMESTER 2\Motion Graphics\MotionGraphics\LevelEditor\LevelEditor\main.cpp(467,101): warning C4244: 'argument': conversion from 'T' to 'T', possible loss of data
          with
          [
              T=int
          ]
          and
          [
              T=float
          ]
C:\Users\vevas\OneDrive - South East Technological University\SEMESTER 2\Motion Graphics\MotionGraphics\LevelEditor\LevelEditor\main.cpp(467,66): warning C4244: 'argument': conversion from 'T' to 'T', possible loss of data
          with
          [
              T=int
          ]
          and
          [
              T=float
          ]
C:\Users\vevas\OneDrive - South East Technological University\SEMESTER 2\Motion Graphics\MotionGraphics\LevelEditor\LevelEditor\main.cpp(541,12): warning C4244: 'argument': conversion from 'time_t' to 'unsigned int', possible loss of data
C:\Users\vevas\OneDrive - South East Technological University\SEMESTER 2\Motion Graphics\MotionGraphics\LevelEditor\LevelEditor\main.cpp(554,48): warning C4244: 'argument': conversion from 'int' to 'T', possible loss of data
          with
          [
              T=float
          ]
  LevelEditor.vcxproj -> C:\Users\vevas\OneDrive - South East Technological University\SEMESTER 2\Motion Graphics\MotionGraphics\LevelEditor\Debug\LevelEditor.exe
